[2025-12-16T13:16:18.007Z] socket_connection {"id":"I5XfOykZCv540JBKAAAB","ip":"::ffff:193.26.13.173","ua":"Mozilla/5.0 (Macintosh; Intel Mac OS X 10_15_7) AppleWebKit/537.36 (KHTML, like Gecko) Chrome/143.0.0.0 Safari/537.36"}
[2025-12-16T13:16:37.779Z] http {"method":"GET","url":"/host.html","status":200,"ms":13}
[2025-12-16T13:16:37.973Z] http {"method":"GET","url":"/app-host.js","status":200,"ms":10}
[2025-12-16T13:16:37.978Z] http {"method":"GET","url":"/ui-grid-editor.js","status":200,"ms":7}
[2025-12-16T13:16:38.175Z] http {"method":"GET","url":"/api/rooms/create","status":200,"ms":15}
[2025-12-16T13:16:38.235Z] socket_connection {"id":"4ulEyEqc8WwrKF9CAAAD","ip":"::ffff:193.26.13.173","ua":"Mozilla/5.0 (Macintosh; Intel Mac OS X 10_15_7) AppleWebKit/537.36 (KHTML, like Gecko) Chrome/143.0.0.0 Safari/537.36"}
[2025-12-16T13:16:38.258Z] http {"method":"GET","url":"/api/templates","status":200,"ms":6}
[2025-12-16T13:16:38.309Z] host_join {"socketId":"4ulEyEqc8WwrKF9CAAAD"}
[2025-12-16T13:16:38.331Z] http {"method":"GET","url":"/api/rooms/-OSKIG/summary","status":200,"ms":5}
[2025-12-16T13:16:40.919Z] http {"method":"GET","url":"/api/rooms/-OSKIG/summary","status":304,"ms":4}
[2025-12-16T13:16:43.475Z] http {"method":"GET","url":"/api/rooms/-OSKIG/summary","status":304,"ms":3}
[2025-12-16T13:16:43.670Z] http {"method":"GET","url":"/api/templates","status":304,"ms":3}
[2025-12-16T13:16:45.920Z] http {"method":"GET","url":"/api/rooms/-OSKIG/summary","status":304,"ms":3}
[2025-12-16T13:16:48.486Z] http {"method":"GET","url":"/api/rooms/-OSKIG/summary","status":304,"ms":5}
[2025-12-16T13:16:50.909Z] http {"method":"GET","url":"/api/rooms/-OSKIG/summary","status":304,"ms":4}
[2025-12-16T13:16:53.653Z] http {"method":"GET","url":"/api/rooms/-OSKIG/summary","status":304,"ms":3}
[2025-12-16T13:16:55.914Z] http {"method":"GET","url":"/api/rooms/-OSKIG/summary","status":304,"ms":5}
[2025-12-16T13:16:58.501Z] http {"method":"GET","url":"/api/rooms/-OSKIG/summary","status":304,"ms":3}
[2025-12-16T13:17:00.908Z] http {"method":"GET","url":"/api/rooms/-OSKIG/summary","status":304,"ms":3}
[2025-12-16T13:17:03.471Z] http {"method":"GET","url":"/api/rooms/-OSKIG/summary","status":304,"ms":2}
[2025-12-16T13:17:05.925Z] http {"method":"GET","url":"/api/rooms/-OSKIG/summary","status":304,"ms":2}
[2025-12-16T13:17:07.900Z] http {"method":"POST","url":"/api/templates/upload","status":200,"ms":1545}
[2025-12-16T13:17:08.044Z] http {"method":"GET","url":"/api/templates","status":200,"ms":2}
[2025-12-16T13:17:08.405Z] http {"method":"GET","url":"/api/rooms/-OSKIG/summary","status":304,"ms":2}
[2025-12-16T13:17:10.220Z] http {"method":"GET","url":"/api/templates/uA-aMzVYzK/source?t=1765891027907","status":200,"ms":2241}
[2025-12-16T13:17:10.905Z] http {"method":"GET","url":"/api/rooms/-OSKIG/summary","status":304,"ms":3}
[2025-12-16T13:17:13.476Z] http {"method":"GET","url":"/api/rooms/-OSKIG/summary","status":304,"ms":2}
[2025-12-16T13:17:15.906Z] http {"method":"GET","url":"/api/rooms/-OSKIG/summary","status":304,"ms":2}
[2025-12-16T13:17:18.481Z] http {"method":"GET","url":"/api/rooms/-OSKIG/summary","status":304,"ms":2}
[2025-12-16T13:17:20.913Z] http {"method":"GET","url":"/api/rooms/-OSKIG/summary","status":304,"ms":2}
[2025-12-16T13:17:23.479Z] http {"method":"GET","url":"/api/rooms/-OSKIG/summary","status":304,"ms":2}
[2025-12-16T13:17:25.737Z] http {"method":"POST","url":"/api/templates/uA-aMzVYzK/grid","status":200,"ms":27}
[2025-12-16T13:17:25.813Z] http {"method":"GET","url":"/api/templates","status":200,"ms":4}
[2025-12-16T13:17:25.903Z] http {"method":"GET","url":"/api/rooms/-OSKIG/summary","status":304,"ms":2}
[2025-12-16T13:17:28.451Z] http {"method":"POST","url":"/api/templates/uA-aMzVYzK/slice","status":200,"ms":1116}
[2025-12-16T13:17:28.480Z] http {"method":"GET","url":"/api/rooms/-OSKIG/summary","status":304,"ms":1}
[2025-12-16T13:17:28.549Z] http {"method":"GET","url":"/api/templates","status":200,"ms":2}
[2025-12-16T13:17:28.795Z] http {"method":"GET","url":"/api/templates/uA-aMzVYzK/slice/0?t=1765891048457","status":200,"ms":271}
[2025-12-16T13:17:28.814Z] http {"method":"GET","url":"/api/templates/uA-aMzVYzK/slice/5?t=1765891048457","status":200,"ms":222}
[2025-12-16T13:17:28.899Z] http {"method":"GET","url":"/api/templates/uA-aMzVYzK/slice/4?t=1765891048457","status":200,"ms":301}
[2025-12-16T13:17:28.900Z] http {"method":"GET","url":"/api/templates/uA-aMzVYzK/slice/7?t=1765891048457","status":200,"ms":303}
[2025-12-16T13:17:28.982Z] http {"method":"GET","url":"/api/templates/uA-aMzVYzK/slice/1?t=1765891048457","status":200,"ms":9}
[2025-12-16T13:17:29.027Z] http {"method":"GET","url":"/api/templates/uA-aMzVYzK/slice/8?t=1765891048457","status":200,"ms":427}
[2025-12-16T13:17:29.063Z] http {"method":"GET","url":"/api/templates/uA-aMzVYzK/slice/6?t=1765891048457","status":200,"ms":446}
[2025-12-16T13:17:29.262Z] http {"method":"GET","url":"/api/templates/uA-aMzVYzK/slice/3?t=1765891048457","status":200,"ms":11}
[2025-12-16T13:17:29.263Z] http {"method":"GET","url":"/api/templates/uA-aMzVYzK/slice/2?t=1765891048457","status":200,"ms":13}
[2025-12-16T13:17:30.909Z] http {"method":"GET","url":"/api/rooms/-OSKIG/summary","status":304,"ms":2}
[2025-12-16T13:17:32.363Z] http {"method":"POST","url":"/api/templates/uA-aMzVYzK/grid","status":200,"ms":4}
[2025-12-16T13:17:32.439Z] http {"method":"GET","url":"/api/templates","status":200,"ms":3}
[2025-12-16T13:17:33.474Z] http {"method":"GET","url":"/api/rooms/-OSKIG/summary","status":304,"ms":2}
[2025-12-16T13:17:35.908Z] http {"method":"GET","url":"/api/rooms/-OSKIG/summary","status":304,"ms":3}
[2025-12-16T13:17:38.486Z] http {"method":"GET","url":"/api/rooms/-OSKIG/summary","status":304,"ms":3}
[2025-12-16T13:17:40.913Z] http {"method":"GET","url":"/api/rooms/-OSKIG/summary","status":304,"ms":2}
[2025-12-16T13:17:41.137Z] http {"method":"GET","url":"/api/rooms/create","status":200,"ms":3}
[2025-12-16T13:17:41.215Z] host_join {"socketId":"4ulEyEqc8WwrKF9CAAAD"}
[2025-12-16T13:17:43.113Z] http {"method":"GET","url":"/room.html?roomId=7H3I9L","status":200,"ms":3}
[2025-12-16T13:17:43.454Z] http {"method":"GET","url":"/app-room.js","status":200,"ms":4}
[2025-12-16T13:17:43.570Z] client {"page":"room","ts":"2025-12-16T13:17:43.505Z","level":"info","message":"room_loaded"}
[2025-12-16T13:17:43.571Z] http {"method":"POST","url":"/api/client-log","status":200,"ms":1}
[2025-12-16T13:17:43.703Z] socket_connection {"id":"VnEsRbX_N-NmeABSAAAF","ip":"::ffff:193.26.13.173","ua":"Mozilla/5.0 (Macintosh; Intel Mac OS X 10_15_7) AppleWebKit/537.36 (KHTML, like Gecko) Chrome/143.0.0.0 Safari/537.36"}
[2025-12-16T13:17:43.819Z] http {"method":"GET","url":"/api/rooms/7H3I9L/summary","status":200,"ms":2}
[2025-12-16T13:17:43.890Z] http {"method":"GET","url":"/api/rooms/-OSKIG/summary","status":304,"ms":3}
[2025-12-16T13:17:46.285Z] player_join {"socketId":"VnEsRbX_N-NmeABSAAAF"}
[2025-12-16T13:17:46.295Z] client {"page":"room","ts":"2025-12-16T13:17:46.220Z","level":"info","message":"player_join_emit","roomId":"7H3I9L","name":"viktor"}
[2025-12-16T13:17:46.296Z] http {"method":"POST","url":"/api/client-log","status":200,"ms":2}
[2025-12-16T13:17:46.822Z] http {"method":"GET","url":"/api/rooms/7H3I9L/summary","status":200,"ms":1}
[2025-12-16T13:17:46.902Z] http {"method":"GET","url":"/api/rooms/-OSKIG/summary","status":304,"ms":2}
[2025-12-16T13:17:48.900Z] http {"method":"GET","url":"/api/rooms/7H3I9L/summary","status":304,"ms":5}
[2025-12-16T13:17:48.969Z] http {"method":"GET","url":"/api/rooms/-OSKIG/summary","status":304,"ms":1}
[2025-12-16T13:17:51.825Z] http {"method":"GET","url":"/api/rooms/7H3I9L/summary","status":304,"ms":3}
[2025-12-16T13:17:51.915Z] http {"method":"GET","url":"/api/rooms/-OSKIG/summary","status":304,"ms":2}
[2025-12-16T13:17:53.480Z] http {"method":"GET","url":"/api/rooms/7H3I9L/summary","status":304,"ms":2}
[2025-12-16T13:17:53.552Z] http {"method":"GET","url":"/api/rooms/-OSKIG/summary","status":304,"ms":2}
[2025-12-16T13:17:56.884Z] http {"method":"GET","url":"/api/rooms/7H3I9L/summary","status":304,"ms":2}
[2025-12-16T13:17:56.956Z] http {"method":"GET","url":"/api/rooms/-OSKIG/summary","status":304,"ms":2}
[2025-12-16T13:17:58.474Z] http {"method":"GET","url":"/api/rooms/7H3I9L/summary","status":304,"ms":3}
[2025-12-16T13:17:58.546Z] http {"method":"GET","url":"/api/rooms/-OSKIG/summary","status":304,"ms":2}
[2025-12-16T13:18:00.914Z] http {"method":"GET","url":"/api/rooms/7H3I9L/summary","status":304,"ms":1}
[2025-12-16T13:18:00.989Z] http {"method":"GET","url":"/api/rooms/-OSKIG/summary","status":304,"ms":1}
[2025-12-16T13:18:03.497Z] http {"method":"GET","url":"/api/rooms/7H3I9L/summary","status":304,"ms":1}
[2025-12-16T13:18:03.587Z] http {"method":"GET","url":"/api/rooms/-OSKIG/summary","status":304,"ms":2}
[2025-12-16T13:18:05.906Z] http {"method":"GET","url":"/api/rooms/7H3I9L/summary","status":304,"ms":1}
[2025-12-16T13:18:05.980Z] http {"method":"GET","url":"/api/rooms/-OSKIG/summary","status":304,"ms":2}
[2025-12-16T13:18:08.474Z] http {"method":"GET","url":"/api/rooms/7H3I9L/summary","status":304,"ms":3}
[2025-12-16T13:18:08.546Z] http {"method":"GET","url":"/api/rooms/-OSKIG/summary","status":304,"ms":1}
[2025-12-16T13:18:10.912Z] http {"method":"GET","url":"/api/rooms/7H3I9L/summary","status":304,"ms":2}
[2025-12-16T13:18:10.986Z] http {"method":"GET","url":"/api/rooms/-OSKIG/summary","status":304,"ms":2}
[2025-12-16T13:18:13.472Z] http {"method":"GET","url":"/api/rooms/7H3I9L/summary","status":304,"ms":2}
[2025-12-16T13:18:13.555Z] http {"method":"GET","url":"/api/rooms/-OSKIG/summary","status":304,"ms":1}
[2025-12-16T13:18:15.916Z] http {"method":"GET","url":"/api/rooms/7H3I9L/summary","status":304,"ms":2}
[2025-12-16T13:18:15.996Z] http {"method":"GET","url":"/api/rooms/-OSKIG/summary","status":304,"ms":4}
[2025-12-16T13:18:18.480Z] http {"method":"GET","url":"/api/rooms/7H3I9L/summary","status":304,"ms":2}
[2025-12-16T13:18:18.558Z] http {"method":"GET","url":"/api/rooms/-OSKIG/summary","status":304,"ms":3}
[2025-12-16T13:18:20.906Z] http {"method":"GET","url":"/api/rooms/7H3I9L/summary","status":304,"ms":2}
[2025-12-16T13:18:20.979Z] http {"method":"GET","url":"/api/rooms/-OSKIG/summary","status":304,"ms":2}
[2025-12-16T13:18:23.475Z] http {"method":"GET","url":"/api/rooms/7H3I9L/summary","status":304,"ms":3}
[2025-12-16T13:18:23.553Z] http {"method":"GET","url":"/api/rooms/-OSKIG/summary","status":304,"ms":3}
[2025-12-16T13:18:25.906Z] http {"method":"GET","url":"/api/rooms/7H3I9L/summary","status":304,"ms":2}
[2025-12-16T13:18:25.983Z] http {"method":"GET","url":"/api/rooms/-OSKIG/summary","status":304,"ms":1}
[2025-12-16T13:18:28.495Z] http {"method":"GET","url":"/api/rooms/7H3I9L/summary","status":304,"ms":2}
[2025-12-16T13:18:28.570Z] http {"method":"GET","url":"/api/rooms/-OSKIG/summary","status":304,"ms":3}
[2025-12-16T13:18:30.903Z] http {"method":"GET","url":"/api/rooms/7H3I9L/summary","status":304,"ms":2}
[2025-12-16T13:18:30.977Z] http {"method":"GET","url":"/api/rooms/-OSKIG/summary","status":304,"ms":2}
[2025-12-16T13:18:33.479Z] http {"method":"GET","url":"/api/rooms/7H3I9L/summary","status":304,"ms":2}
[2025-12-16T13:18:33.552Z] http {"method":"GET","url":"/api/rooms/-OSKIG/summary","status":304,"ms":2}
[2025-12-16T13:18:35.916Z] http {"method":"GET","url":"/api/rooms/7H3I9L/summary","status":304,"ms":2}
[2025-12-16T13:18:35.995Z] http {"method":"GET","url":"/api/rooms/-OSKIG/summary","status":304,"ms":2}
[2025-12-16T13:18:38.482Z] http {"method":"GET","url":"/api/rooms/7H3I9L/summary","status":304,"ms":2}
[2025-12-16T13:18:38.563Z] http {"method":"GET","url":"/api/rooms/-OSKIG/summary","status":304,"ms":2}
[2025-12-16T13:18:40.916Z] http {"method":"GET","url":"/api/rooms/7H3I9L/summary","status":304,"ms":2}
[2025-12-16T13:18:40.990Z] http {"method":"GET","url":"/api/rooms/-OSKIG/summary","status":304,"ms":2}
[2025-12-16T13:18:43.473Z] http {"method":"GET","url":"/api/rooms/7H3I9L/summary","status":304,"ms":3}
[2025-12-16T13:18:43.547Z] http {"method":"GET","url":"/api/rooms/-OSKIG/summary","status":304,"ms":2}
[2025-12-16T13:18:45.915Z] http {"method":"GET","url":"/api/rooms/7H3I9L/summary","status":304,"ms":2}
[2025-12-16T13:18:45.989Z] http {"method":"GET","url":"/api/rooms/-OSKIG/summary","status":304,"ms":3}
[2025-12-16T13:18:48.487Z] http {"method":"GET","url":"/api/rooms/7H3I9L/summary","status":304,"ms":3}
[2025-12-16T13:18:48.561Z] http {"method":"GET","url":"/api/rooms/-OSKIG/summary","status":304,"ms":3}
[2025-12-16T13:18:50.921Z] http {"method":"GET","url":"/api/rooms/7H3I9L/summary","status":304,"ms":1}
[2025-12-16T13:18:50.993Z] http {"method":"GET","url":"/api/rooms/-OSKIG/summary","status":304,"ms":1}
[2025-12-16T13:18:53.485Z] http {"method":"GET","url":"/api/rooms/7H3I9L/summary","status":304,"ms":3}
[2025-12-16T13:18:53.559Z] http {"method":"GET","url":"/api/rooms/-OSKIG/summary","status":304,"ms":3}
[2025-12-16T13:18:55.936Z] http {"method":"GET","url":"/api/rooms/7H3I9L/summary","status":304,"ms":2}
[2025-12-16T13:18:56.009Z] http {"method":"GET","url":"/api/rooms/-OSKIG/summary","status":304,"ms":2}
[2025-12-16T13:18:58.487Z] http {"method":"GET","url":"/api/rooms/7H3I9L/summary","status":304,"ms":2}
[2025-12-16T13:18:58.564Z] http {"method":"GET","url":"/api/rooms/-OSKIG/summary","status":304,"ms":2}
[2025-12-16T13:19:00.914Z] http {"method":"GET","url":"/api/rooms/7H3I9L/summary","status":304,"ms":2}
[2025-12-16T13:19:00.988Z] http {"method":"GET","url":"/api/rooms/-OSKIG/summary","status":304,"ms":3}
[2025-12-16T13:19:03.505Z] http {"method":"GET","url":"/api/rooms/7H3I9L/summary","status":304,"ms":2}
[2025-12-16T13:19:03.585Z] http {"method":"GET","url":"/api/rooms/-OSKIG/summary","status":304,"ms":1}
[2025-12-16T13:19:05.906Z] http {"method":"GET","url":"/api/rooms/7H3I9L/summary","status":304,"ms":3}
[2025-12-16T13:19:05.980Z] http {"method":"GET","url":"/api/rooms/-OSKIG/summary","status":304,"ms":2}
[2025-12-16T13:19:08.517Z] http {"method":"GET","url":"/api/rooms/7H3I9L/summary","status":304,"ms":1}
[2025-12-16T13:19:08.596Z] http {"method":"GET","url":"/api/rooms/-OSKIG/summary","status":304,"ms":1}
[2025-12-16T13:19:10.929Z] http {"method":"GET","url":"/api/rooms/7H3I9L/summary","status":304,"ms":4}
[2025-12-16T13:19:11.004Z] http {"method":"GET","url":"/api/rooms/-OSKIG/summary","status":304,"ms":1}
[2025-12-16T13:19:13.480Z] http {"method":"GET","url":"/api/rooms/7H3I9L/summary","status":304,"ms":2}
[2025-12-16T13:19:13.552Z] http {"method":"GET","url":"/api/rooms/-OSKIG/summary","status":304,"ms":1}
[2025-12-16T13:19:14.221Z] http {"method":"GET","url":"/room.html?roomId=7H3I9L","status":200,"ms":3}
[2025-12-16T13:19:14.314Z] http {"method":"GET","url":"/app-room.js","status":200,"ms":3}
[2025-12-16T13:19:14.520Z] client {"page":"room","ts":"2025-12-16T13:19:14.306Z","level":"info","message":"room_loaded"}
[2025-12-16T13:19:14.522Z] http {"method":"POST","url":"/api/client-log","status":200,"ms":3}
[2025-12-16T13:19:14.601Z] socket_connection {"id":"6r41Bwq3cLKbAbWJAAAH","ip":"::ffff:188.163.15.77","ua":"Mozilla/5.0 (iPhone; CPU iPhone OS 18_7 like Mac OS X) AppleWebKit/605.1.15 (KHTML, like Gecko) Version/26.1 Mobile/23B85 Safari/604.1"}
[2025-12-16T13:19:14.632Z] http {"method":"GET","url":"/favicon.ico","status":404,"ms":4}
[2025-12-16T13:19:15.918Z] http {"method":"GET","url":"/api/rooms/7H3I9L/summary","status":304,"ms":5}
[2025-12-16T13:19:15.991Z] http {"method":"GET","url":"/api/rooms/-OSKIG/summary","status":304,"ms":2}
[2025-12-16T13:19:17.264Z] player_join {"socketId":"6r41Bwq3cLKbAbWJAAAH"}
[2025-12-16T13:19:17.267Z] client {"page":"room","ts":"2025-12-16T13:19:17.046Z","level":"info","message":"player_join_emit","roomId":"7H3I9L","name":"Пак"}
[2025-12-16T13:19:17.268Z] http {"method":"POST","url":"/api/client-log","status":200,"ms":1}
[2025-12-16T13:19:18.476Z] http {"method":"GET","url":"/api/rooms/7H3I9L/summary","status":200,"ms":2}
[2025-12-16T13:19:18.549Z] http {"method":"GET","url":"/api/rooms/-OSKIG/summary","status":304,"ms":2}
[2025-12-16T13:19:20.905Z] http {"method":"GET","url":"/api/rooms/7H3I9L/summary","status":304,"ms":2}
[2025-12-16T13:19:20.978Z] http {"method":"GET","url":"/api/rooms/-OSKIG/summary","status":304,"ms":2}
[2025-12-16T13:19:23.472Z] http {"method":"GET","url":"/api/rooms/7H3I9L/summary","status":304,"ms":1}
[2025-12-16T13:19:23.544Z] http {"method":"GET","url":"/api/rooms/-OSKIG/summary","status":304,"ms":2}
[2025-12-16T13:19:25.904Z] http {"method":"GET","url":"/api/rooms/7H3I9L/summary","status":304,"ms":1}
[2025-12-16T13:19:25.986Z] http {"method":"GET","url":"/api/rooms/-OSKIG/summary","status":304,"ms":2}
[2025-12-16T13:19:28.498Z] http {"method":"GET","url":"/api/rooms/7H3I9L/summary","status":304,"ms":2}
[2025-12-16T13:19:28.593Z] http {"method":"GET","url":"/api/rooms/-OSKIG/summary","status":304,"ms":2}
[2025-12-16T13:19:30.636Z] http {"method":"GET","url":"/api/templates/uA-aMzVYzK/slice/7","status":200,"ms":232}
[2025-12-16T13:19:30.704Z] http {"method":"GET","url":"/api/templates/uA-aMzVYzK/slice/8","status":200,"ms":227}
[2025-12-16T13:19:30.775Z] http {"method":"GET","url":"/api/templates/uA-aMzVYzK/slice/2","status":200,"ms":225}
[2025-12-16T13:19:30.797Z] http {"method":"GET","url":"/api/templates/uA-aMzVYzK/slice/1","status":200,"ms":243}
[2025-12-16T13:19:30.801Z] http {"method":"GET","url":"/api/templates/uA-aMzVYzK/slice/3","status":200,"ms":240}
[2025-12-16T13:19:30.959Z] http {"method":"GET","url":"/api/rooms/7H3I9L/summary","status":200,"ms":5}
[2025-12-16T13:19:31.029Z] http {"method":"GET","url":"/api/rooms/-OSKIG/summary","status":304,"ms":1}
[2025-12-16T13:19:33.480Z] http {"method":"GET","url":"/api/rooms/7H3I9L/summary","status":304,"ms":2}
[2025-12-16T13:19:33.552Z] http {"method":"GET","url":"/api/rooms/-OSKIG/summary","status":304,"ms":2}
[2025-12-16T13:19:35.909Z] http {"method":"GET","url":"/api/rooms/7H3I9L/summary","status":304,"ms":2}
[2025-12-16T13:19:35.986Z] http {"method":"GET","url":"/api/rooms/-OSKIG/summary","status":304,"ms":2}
[2025-12-16T13:19:38.476Z] http {"method":"GET","url":"/api/rooms/7H3I9L/summary","status":304,"ms":2}
[2025-12-16T13:19:38.550Z] http {"method":"GET","url":"/api/rooms/-OSKIG/summary","status":304,"ms":2}
[2025-12-16T13:19:40.908Z] http {"method":"GET","url":"/api/rooms/7H3I9L/summary","status":304,"ms":3}
[2025-12-16T13:19:40.978Z] http {"method":"GET","url":"/api/rooms/-OSKIG/summary","status":304,"ms":2}
[2025-12-16T13:19:43.890Z] http {"method":"GET","url":"/api/rooms/7H3I9L/summary","status":304,"ms":1}
[2025-12-16T13:19:43.963Z] http {"method":"GET","url":"/api/rooms/-OSKIG/summary","status":304,"ms":2}
[2025-12-16T13:19:46.832Z] http {"method":"GET","url":"/api/rooms/7H3I9L/summary","status":304,"ms":2}
[2025-12-16T13:19:46.905Z] http {"method":"GET","url":"/api/rooms/-OSKIG/summary","status":304,"ms":2}
[2025-12-16T13:19:48.565Z] give_to_active {"socketId":"6r41Bwq3cLKbAbWJAAAH"}
[2025-12-16T13:19:48.889Z] http {"method":"GET","url":"/api/rooms/7H3I9L/summary","status":200,"ms":3}
[2025-12-16T13:19:48.962Z] http {"method":"GET","url":"/api/rooms/-OSKIG/summary","status":304,"ms":3}
[2025-12-16T13:19:48.979Z] http {"method":"GET","url":"/api/templates/uA-aMzVYzK/slice/3","status":200,"ms":209}
[2025-12-16T13:19:51.830Z] http {"method":"GET","url":"/api/rooms/7H3I9L/summary","status":304,"ms":3}
[2025-12-16T13:19:51.902Z] http {"method":"GET","url":"/api/rooms/-OSKIG/summary","status":304,"ms":2}
[2025-12-16T13:19:53.888Z] http {"method":"GET","url":"/api/rooms/7H3I9L/summary","status":304,"ms":3}
[2025-12-16T13:19:53.960Z] http {"method":"GET","url":"/api/rooms/-OSKIG/summary","status":304,"ms":2}
[2025-12-16T13:19:56.828Z] http {"method":"GET","url":"/api/rooms/7H3I9L/summary","status":304,"ms":2}
[2025-12-16T13:19:56.899Z] http {"method":"GET","url":"/api/rooms/-OSKIG/summary","status":304,"ms":1}
[2025-12-16T13:19:58.903Z] http {"method":"GET","url":"/api/rooms/7H3I9L/summary","status":304,"ms":2}
[2025-12-16T13:19:58.976Z] http {"method":"GET","url":"/api/rooms/-OSKIG/summary","status":304,"ms":2}
[2025-12-16T13:20:01.831Z] http {"method":"GET","url":"/api/rooms/7H3I9L/summary","status":304,"ms":2}
[2025-12-16T13:20:01.907Z] http {"method":"GET","url":"/api/rooms/-OSKIG/summary","status":304,"ms":1}
[2025-12-16T13:20:03.900Z] http {"method":"GET","url":"/api/rooms/7H3I9L/summary","status":304,"ms":2}
[2025-12-16T13:20:03.974Z] http {"method":"GET","url":"/api/rooms/-OSKIG/summary","status":304,"ms":2}
[2025-12-16T13:20:06.073Z] end_turn {"socketId":"VnEsRbX_N-NmeABSAAAF"}
[2025-12-16T13:20:06.633Z] http {"method":"GET","url":"/api/templates/uA-aMzVYzK/slice/6","status":200,"ms":484}
[2025-12-16T13:20:06.896Z] http {"method":"GET","url":"/api/rooms/7H3I9L/summary","status":200,"ms":1}
[2025-12-16T13:20:06.978Z] http {"method":"GET","url":"/api/rooms/-OSKIG/summary","status":304,"ms":4}
[2025-12-16T13:20:08.889Z] http {"method":"GET","url":"/api/rooms/7H3I9L/summary","status":304,"ms":2}
[2025-12-16T13:20:08.961Z] http {"method":"GET","url":"/api/rooms/-OSKIG/summary","status":304,"ms":2}
[2025-12-16T13:20:11.820Z] http {"method":"GET","url":"/api/rooms/7H3I9L/summary","status":304,"ms":1}
[2025-12-16T13:20:11.893Z] http {"method":"GET","url":"/api/rooms/-OSKIG/summary","status":304,"ms":1}
[2025-12-16T13:20:13.898Z] http {"method":"GET","url":"/api/rooms/7H3I9L/summary","status":304,"ms":4}
[2025-12-16T13:20:13.970Z] http {"method":"GET","url":"/api/rooms/-OSKIG/summary","status":304,"ms":1}
[2025-12-16T13:20:16.823Z] http {"method":"GET","url":"/api/rooms/7H3I9L/summary","status":304,"ms":2}
[2025-12-16T13:20:16.895Z] http {"method":"GET","url":"/api/rooms/-OSKIG/summary","status":304,"ms":2}
[2025-12-16T13:20:18.895Z] http {"method":"GET","url":"/api/rooms/7H3I9L/summary","status":304,"ms":2}
[2025-12-16T13:20:18.967Z] http {"method":"GET","url":"/api/rooms/-OSKIG/summary","status":304,"ms":2}
[2025-12-16T13:20:21.833Z] http {"method":"GET","url":"/api/rooms/7H3I9L/summary","status":304,"ms":2}
[2025-12-16T13:20:21.906Z] http {"method":"GET","url":"/api/rooms/-OSKIG/summary","status":304,"ms":2}
[2025-12-16T13:20:22.488Z] end_turn {"socketId":"6r41Bwq3cLKbAbWJAAAH"}
[2025-12-16T13:20:22.903Z] http {"method":"GET","url":"/api/templates/uA-aMzVYzK/slice/5","status":200,"ms":243}
[2025-12-16T13:20:23.893Z] http {"method":"GET","url":"/api/rooms/7H3I9L/summary","status":200,"ms":2}
[2025-12-16T13:20:23.968Z] http {"method":"GET","url":"/api/rooms/-OSKIG/summary","status":304,"ms":3}
[2025-12-16T13:20:25.451Z] end_turn {"socketId":"VnEsRbX_N-NmeABSAAAF"}
[2025-12-16T13:20:25.572Z] http {"method":"GET","url":"/api/templates/uA-aMzVYzK/slice/4","status":200,"ms":5}
[2025-12-16T13:20:26.692Z] end_turn {"socketId":"6r41Bwq3cLKbAbWJAAAH"}
[2025-12-16T13:20:26.804Z] http {"method":"GET","url":"/api/templates/uA-aMzVYzK/slice/6","status":200,"ms":7}
[2025-12-16T13:20:26.886Z] http {"method":"GET","url":"/api/rooms/7H3I9L/summary","status":200,"ms":2}
[2025-12-16T13:20:26.958Z] http {"method":"GET","url":"/api/rooms/-OSKIG/summary","status":304,"ms":2}
[2025-12-16T13:20:27.645Z] http {"method":"GET","url":"/api/templates/uA-aMzVYzK/slice/1","status":200,"ms":2123}
[2025-12-16T13:20:27.721Z] end_turn {"socketId":"VnEsRbX_N-NmeABSAAAF"}
[2025-12-16T13:20:27.824Z] http {"method":"GET","url":"/api/templates/uA-aMzVYzK/slice/0","status":200,"ms":6}
[2025-12-16T13:20:28.069Z] http {"method":"GET","url":"/api/templates/uA-aMzVYzK/slice/0","status":200,"ms":275}
[2025-12-16T13:20:28.711Z] end_turn {"socketId":"6r41Bwq3cLKbAbWJAAAH"}
[2025-12-16T13:20:28.821Z] http {"method":"GET","url":"/api/rooms/7H3I9L/summary","status":200,"ms":3}
[2025-12-16T13:20:28.849Z] http {"method":"GET","url":"/api/templates/uA-aMzVYzK/slice/7","status":200,"ms":5}
[2025-12-16T13:20:28.898Z] http {"method":"GET","url":"/api/rooms/-OSKIG/summary","status":304,"ms":2}
[2025-12-16T13:20:31.191Z] end_turn {"socketId":"VnEsRbX_N-NmeABSAAAF"}
[2025-12-16T13:20:31.272Z] http {"method":"GET","url":"/api/templates/uA-aMzVYzK/slice/4","status":200,"ms":4}
[2025-12-16T13:20:31.831Z] http {"method":"GET","url":"/api/rooms/7H3I9L/summary","status":200,"ms":3}
[2025-12-16T13:20:31.904Z] http {"method":"GET","url":"/api/rooms/-OSKIG/summary","status":304,"ms":2}
[2025-12-16T13:20:33.341Z] end_turn {"socketId":"6r41Bwq3cLKbAbWJAAAH"}
[2025-12-16T13:20:33.897Z] http {"method":"GET","url":"/api/rooms/7H3I9L/summary","status":200,"ms":2}
[2025-12-16T13:20:33.975Z] http {"method":"GET","url":"/api/rooms/-OSKIG/summary","status":304,"ms":2}
[2025-12-16T13:20:34.367Z] end_turn {"socketId":"VnEsRbX_N-NmeABSAAAF"}
[2025-12-16T13:20:36.231Z] http {"method":"GET","url":"/api/templates/uA-aMzVYzK/slice/5","status":200,"ms":1790}
[2025-12-16T13:20:36.833Z] http {"method":"GET","url":"/api/rooms/7H3I9L/summary","status":200,"ms":4}
[2025-12-16T13:20:36.907Z] http {"method":"GET","url":"/api/rooms/-OSKIG/summary","status":304,"ms":1}
[2025-12-16T13:20:38.896Z] http {"method":"GET","url":"/api/rooms/7H3I9L/summary","status":304,"ms":2}
[2025-12-16T13:20:38.968Z] http {"method":"GET","url":"/api/rooms/-OSKIG/summary","status":304,"ms":1}
[2025-12-16T13:20:38.996Z] end_turn {"socketId":"6r41Bwq3cLKbAbWJAAAH"}
[2025-12-16T13:20:40.623Z] end_turn {"socketId":"VnEsRbX_N-NmeABSAAAF"}
[2025-12-16T13:20:40.908Z] http {"method":"GET","url":"/api/templates/uA-aMzVYzK/slice/2","status":200,"ms":210}
[2025-12-16T13:20:42.335Z] end_turn {"socketId":"6r41Bwq3cLKbAbWJAAAH"}
[2025-12-16T13:20:43.281Z] end_turn {"socketId":"VnEsRbX_N-NmeABSAAAF"}
[2025-12-16T13:20:43.434Z] http {"method":"GET","url":"/api/templates/uA-aMzVYzK/slice/8","status":304,"ms":2}
[2025-12-16T13:20:43.797Z] http {"method":"GET","url":"/api/templates/uA-aMzVYzK/slice/8","status":200,"ms":323}
[2025-12-16T13:21:05.536Z] http {"method":"GET","url":"/api/rooms/7H3I9L/summary","status":200,"ms":3}
[2025-12-16T13:21:05.606Z] http {"method":"GET","url":"/api/rooms/-OSKIG/summary","status":304,"ms":2}
[2025-12-16T13:21:05.904Z] http {"method":"GET","url":"/api/rooms/7H3I9L/summary","status":304,"ms":3}
[2025-12-16T13:21:05.974Z] http {"method":"GET","url":"/api/rooms/-OSKIG/summary","status":304,"ms":2}
[2025-12-16T13:21:08.478Z] http {"method":"GET","url":"/api/rooms/7H3I9L/summary","status":304,"ms":2}
[2025-12-16T13:21:08.551Z] http {"method":"GET","url":"/api/rooms/-OSKIG/summary","status":304,"ms":2}
[2025-12-16T13:21:10.906Z] http {"method":"GET","url":"/api/rooms/7H3I9L/summary","status":304,"ms":1}
[2025-12-16T13:21:10.997Z] http {"method":"GET","url":"/api/rooms/-OSKIG/summary","status":304,"ms":2}
[2025-12-16T13:21:13.485Z] http {"method":"GET","url":"/api/rooms/7H3I9L/summary","status":304,"ms":2}
[2025-12-16T13:21:13.557Z] http {"method":"GET","url":"/api/rooms/-OSKIG/summary","status":304,"ms":2}
[2025-12-16T13:21:15.164Z] socket_disconnect {"id":"6r41Bwq3cLKbAbWJAAAH"}
[2025-12-16T13:21:15.915Z] http {"method":"GET","url":"/api/rooms/7H3I9L/summary","status":304,"ms":2}
[2025-12-16T13:21:15.988Z] http {"method":"GET","url":"/api/rooms/-OSKIG/summary","status":304,"ms":2}
[2025-12-16T13:21:18.887Z] http {"method":"GET","url":"/api/rooms/7H3I9L/summary","status":304,"ms":2}
[2025-12-16T13:21:18.961Z] http {"method":"GET","url":"/api/rooms/-OSKIG/summary","status":304,"ms":3}
[2025-12-16T13:21:21.825Z] http {"method":"GET","url":"/api/rooms/7H3I9L/summary","status":304,"ms":2}
[2025-12-16T13:21:21.899Z] http {"method":"GET","url":"/api/rooms/-OSKIG/summary","status":304,"ms":2}
[2025-12-16T13:21:23.890Z] http {"method":"GET","url":"/api/rooms/7H3I9L/summary","status":304,"ms":2}
[2025-12-16T13:21:23.962Z] http {"method":"GET","url":"/api/rooms/-OSKIG/summary","status":304,"ms":1}
[2025-12-16T13:21:26.826Z] http {"method":"GET","url":"/api/rooms/7H3I9L/summary","status":304,"ms":3}
[2025-12-16T13:21:26.900Z] http {"method":"GET","url":"/api/rooms/-OSKIG/summary","status":304,"ms":2}
[2025-12-16T13:21:28.893Z] http {"method":"GET","url":"/api/rooms/7H3I9L/summary","status":304,"ms":2}
[2025-12-16T13:21:28.966Z] http {"method":"GET","url":"/api/rooms/-OSKIG/summary","status":304,"ms":5}
[2025-12-16T13:21:31.822Z] http {"method":"GET","url":"/api/rooms/7H3I9L/summary","status":304,"ms":2}
[2025-12-16T13:21:31.897Z] http {"method":"GET","url":"/api/rooms/-OSKIG/summary","status":304,"ms":2}
[2025-12-16T13:21:33.885Z] http {"method":"GET","url":"/api/rooms/7H3I9L/summary","status":304,"ms":2}
[2025-12-16T13:21:33.956Z] http {"method":"GET","url":"/api/rooms/-OSKIG/summary","status":304,"ms":1}
[2025-12-16T13:21:36.833Z] http {"method":"GET","url":"/api/rooms/7H3I9L/summary","status":304,"ms":2}
[2025-12-16T13:21:36.905Z] http {"method":"GET","url":"/api/rooms/-OSKIG/summary","status":304,"ms":1}
[2025-12-16T13:21:38.887Z] http {"method":"GET","url":"/api/rooms/7H3I9L/summary","status":304,"ms":2}
[2025-12-16T13:21:38.957Z] http {"method":"GET","url":"/api/rooms/-OSKIG/summary","status":304,"ms":3}
[2025-12-16T13:21:41.824Z] http {"method":"GET","url":"/api/rooms/7H3I9L/summary","status":304,"ms":3}
[2025-12-16T13:21:41.896Z] http {"method":"GET","url":"/api/rooms/-OSKIG/summary","status":304,"ms":2}
[2025-12-16T13:21:43.889Z] http {"method":"GET","url":"/api/rooms/7H3I9L/summary","status":304,"ms":2}
[2025-12-16T13:21:43.969Z] http {"method":"GET","url":"/api/rooms/-OSKIG/summary","status":304,"ms":2}
[2025-12-16T13:21:46.822Z] http {"method":"GET","url":"/api/rooms/7H3I9L/summary","status":304,"ms":2}
[2025-12-16T13:21:46.896Z] http {"method":"GET","url":"/api/rooms/-OSKIG/summary","status":304,"ms":2}
[2025-12-16T13:21:48.889Z] http {"method":"GET","url":"/api/rooms/7H3I9L/summary","status":304,"ms":3}
[2025-12-16T13:21:48.961Z] http {"method":"GET","url":"/api/rooms/-OSKIG/summary","status":304,"ms":2}
[2025-12-16T13:21:51.829Z] http {"method":"GET","url":"/api/rooms/7H3I9L/summary","status":304,"ms":2}
[2025-12-16T13:21:51.902Z] http {"method":"GET","url":"/api/rooms/-OSKIG/summary","status":304,"ms":2}
[2025-12-16T13:21:53.889Z] http {"method":"GET","url":"/api/rooms/7H3I9L/summary","status":304,"ms":3}
[2025-12-16T13:21:53.962Z] http {"method":"GET","url":"/api/rooms/-OSKIG/summary","status":304,"ms":2}
[2025-12-16T13:21:56.830Z] http {"method":"GET","url":"/api/rooms/7H3I9L/summary","status":304,"ms":2}
[2025-12-16T13:21:56.904Z] http {"method":"GET","url":"/api/rooms/-OSKIG/summary","status":304,"ms":2}
[2025-12-16T13:21:58.901Z] http {"method":"GET","url":"/api/rooms/7H3I9L/summary","status":304,"ms":3}
[2025-12-16T13:21:58.972Z] http {"method":"GET","url":"/api/rooms/-OSKIG/summary","status":304,"ms":2}
[2025-12-16T13:22:01.010Z] http {"method":"GET","url":"/api/rooms/7H3I9L/summary","status":304,"ms":1}
[2025-12-16T13:22:01.080Z] http {"method":"GET","url":"/api/rooms/-OSKIG/summary","status":304,"ms":1}
[2025-12-16T13:22:03.475Z] http {"method":"GET","url":"/api/rooms/7H3I9L/summary","status":304,"ms":2}
[2025-12-16T13:22:03.547Z] http {"method":"GET","url":"/api/rooms/-OSKIG/summary","status":304,"ms":1}
[2025-12-16T13:22:06.822Z] http {"method":"GET","url":"/api/rooms/7H3I9L/summary","status":304,"ms":2}
[2025-12-16T13:22:06.893Z] http {"method":"GET","url":"/api/rooms/-OSKIG/summary","status":304,"ms":3}
[2025-12-16T13:22:08.888Z] http {"method":"GET","url":"/api/rooms/7H3I9L/summary","status":304,"ms":1}
[2025-12-16T13:22:08.959Z] http {"method":"GET","url":"/api/rooms/-OSKIG/summary","status":304,"ms":1}
[2025-12-16T13:22:11.840Z] http {"method":"GET","url":"/api/rooms/7H3I9L/summary","status":304,"ms":2}
[2025-12-16T13:22:11.913Z] http {"method":"GET","url":"/api/rooms/-OSKIG/summary","status":304,"ms":1}
[2025-12-16T13:22:13.897Z] http {"method":"GET","url":"/api/rooms/7H3I9L/summary","status":304,"ms":3}
[2025-12-16T13:22:13.969Z] http {"method":"GET","url":"/api/rooms/-OSKIG/summary","status":304,"ms":2}
[2025-12-16T13:22:16.832Z] http {"method":"GET","url":"/api/rooms/7H3I9L/summary","status":304,"ms":2}
[2025-12-16T13:22:16.904Z] http {"method":"GET","url":"/api/rooms/-OSKIG/summary","status":304,"ms":1}
[2025-12-16T13:22:18.890Z] http {"method":"GET","url":"/api/rooms/7H3I9L/summary","status":304,"ms":1}
[2025-12-16T13:22:18.963Z] http {"method":"GET","url":"/api/rooms/-OSKIG/summary","status":304,"ms":1}
[2025-12-16T13:22:21.820Z] http {"method":"GET","url":"/api/rooms/7H3I9L/summary","status":304,"ms":1}
[2025-12-16T13:22:21.900Z] http {"method":"GET","url":"/api/rooms/-OSKIG/summary","status":304,"ms":2}
[2025-12-16T13:22:23.896Z] http {"method":"GET","url":"/api/rooms/7H3I9L/summary","status":304,"ms":2}
[2025-12-16T13:22:23.965Z] http {"method":"GET","url":"/api/rooms/-OSKIG/summary","status":304,"ms":1}
[2025-12-16T13:22:26.821Z] http {"method":"GET","url":"/api/rooms/7H3I9L/summary","status":304,"ms":1}
[2025-12-16T13:22:26.896Z] http {"method":"GET","url":"/api/rooms/-OSKIG/summary","status":304,"ms":3}
[2025-12-16T13:22:28.890Z] http {"method":"GET","url":"/api/rooms/7H3I9L/summary","status":304,"ms":2}
[2025-12-16T13:22:28.963Z] http {"method":"GET","url":"/api/rooms/-OSKIG/summary","status":304,"ms":2}
[2025-12-16T13:22:31.833Z] http {"method":"GET","url":"/api/rooms/7H3I9L/summary","status":304,"ms":2}
[2025-12-16T13:22:31.906Z] http {"method":"GET","url":"/api/rooms/-OSKIG/summary","status":304,"ms":3}
[2025-12-16T13:22:33.897Z] http {"method":"GET","url":"/api/rooms/7H3I9L/summary","status":304,"ms":3}
[2025-12-16T13:22:33.972Z] http {"method":"GET","url":"/api/rooms/-OSKIG/summary","status":304,"ms":1}
[2025-12-16T13:22:36.826Z] http {"method":"GET","url":"/api/rooms/7H3I9L/summary","status":304,"ms":2}
[2025-12-16T13:22:36.900Z] http {"method":"GET","url":"/api/rooms/-OSKIG/summary","status":304,"ms":2}
[2025-12-16T13:22:38.907Z] http {"method":"GET","url":"/api/rooms/7H3I9L/summary","status":304,"ms":2}
[2025-12-16T13:22:38.981Z] http {"method":"GET","url":"/api/rooms/-OSKIG/summary","status":304,"ms":3}
[2025-12-16T13:22:41.830Z] http {"method":"GET","url":"/api/rooms/7H3I9L/summary","status":304,"ms":2}
[2025-12-16T13:22:41.905Z] http {"method":"GET","url":"/api/rooms/-OSKIG/summary","status":304,"ms":2}
[2025-12-16T13:22:43.908Z] http {"method":"GET","url":"/api/rooms/7H3I9L/summary","status":304,"ms":2}
[2025-12-16T13:22:43.981Z] http {"method":"GET","url":"/api/rooms/-OSKIG/summary","status":304,"ms":2}
[2025-12-16T13:22:46.821Z] http {"method":"GET","url":"/api/rooms/7H3I9L/summary","status":304,"ms":1}
[2025-12-16T13:22:46.895Z] http {"method":"GET","url":"/api/rooms/-OSKIG/summary","status":304,"ms":2}
[2025-12-16T13:22:48.888Z] http {"method":"GET","url":"/api/rooms/7H3I9L/summary","status":304,"ms":1}
[2025-12-16T13:22:48.963Z] http {"method":"GET","url":"/api/rooms/-OSKIG/summary","status":304,"ms":3}
[2025-12-16T13:22:51.832Z] http {"method":"GET","url":"/api/rooms/7H3I9L/summary","status":304,"ms":2}
[2025-12-16T13:22:51.906Z] http {"method":"GET","url":"/api/rooms/-OSKIG/summary","status":304,"ms":2}
[2025-12-16T13:22:53.891Z] http {"method":"GET","url":"/api/rooms/7H3I9L/summary","status":304,"ms":2}
[2025-12-16T13:22:53.965Z] http {"method":"GET","url":"/api/rooms/-OSKIG/summary","status":304,"ms":3}
[2025-12-16T13:22:56.823Z] http {"method":"GET","url":"/api/rooms/7H3I9L/summary","status":304,"ms":2}
[2025-12-16T13:22:56.898Z] http {"method":"GET","url":"/api/rooms/-OSKIG/summary","status":304,"ms":3}
[2025-12-16T13:22:58.476Z] http {"method":"GET","url":"/api/rooms/7H3I9L/summary","status":304,"ms":1}
[2025-12-16T13:22:58.565Z] http {"method":"GET","url":"/api/rooms/-OSKIG/summary","status":304,"ms":1}
[2025-12-16T13:23:01.827Z] http {"method":"GET","url":"/api/rooms/7H3I9L/summary","status":304,"ms":2}
[2025-12-16T13:23:01.902Z] http {"method":"GET","url":"/api/rooms/-OSKIG/summary","status":304,"ms":3}
[2025-12-16T13:23:03.898Z] http {"method":"GET","url":"/api/rooms/7H3I9L/summary","status":304,"ms":1}
[2025-12-16T13:23:03.977Z] http {"method":"GET","url":"/api/rooms/-OSKIG/summary","status":304,"ms":2}
[2025-12-16T13:23:06.820Z] http {"method":"GET","url":"/api/rooms/7H3I9L/summary","status":304,"ms":2}
[2025-12-16T13:23:06.890Z] http {"method":"GET","url":"/api/rooms/-OSKIG/summary","status":304,"ms":2}
[2025-12-16T13:23:08.895Z] http {"method":"GET","url":"/api/rooms/7H3I9L/summary","status":304,"ms":2}
[2025-12-16T13:23:08.966Z] http {"method":"GET","url":"/api/rooms/-OSKIG/summary","status":304,"ms":2}
[2025-12-16T13:23:11.819Z] http {"method":"GET","url":"/api/rooms/7H3I9L/summary","status":304,"ms":1}
[2025-12-16T13:23:11.892Z] http {"method":"GET","url":"/api/rooms/-OSKIG/summary","status":304,"ms":2}
[2025-12-16T13:23:13.895Z] http {"method":"GET","url":"/api/rooms/7H3I9L/summary","status":304,"ms":2}
[2025-12-16T13:23:13.968Z] http {"method":"GET","url":"/api/rooms/-OSKIG/summary","status":304,"ms":2}
[2025-12-16T13:23:16.829Z] http {"method":"GET","url":"/api/rooms/7H3I9L/summary","status":304,"ms":2}
[2025-12-16T13:23:16.902Z] http {"method":"GET","url":"/api/rooms/-OSKIG/summary","status":304,"ms":2}
[2025-12-16T13:23:18.894Z] http {"method":"GET","url":"/api/rooms/7H3I9L/summary","status":304,"ms":2}
[2025-12-16T13:23:18.967Z] http {"method":"GET","url":"/api/rooms/-OSKIG/summary","status":304,"ms":2}
[2025-12-16T13:23:21.832Z] http {"method":"GET","url":"/api/rooms/7H3I9L/summary","status":304,"ms":2}
[2025-12-16T13:23:21.907Z] http {"method":"GET","url":"/api/rooms/-OSKIG/summary","status":304,"ms":2}
[2025-12-16T13:23:23.932Z] http {"method":"GET","url":"/api/rooms/7H3I9L/summary","status":304,"ms":1}
[2025-12-16T13:23:24.006Z] http {"method":"GET","url":"/api/rooms/-OSKIG/summary","status":304,"ms":2}
[2025-12-16T13:23:26.824Z] http {"method":"GET","url":"/api/rooms/7H3I9L/summary","status":304,"ms":4}
[2025-12-16T13:23:26.896Z] http {"method":"GET","url":"/api/rooms/-OSKIG/summary","status":304,"ms":1}
[2025-12-16T13:23:28.891Z] http {"method":"GET","url":"/api/rooms/7H3I9L/summary","status":304,"ms":1}
[2025-12-16T13:23:28.966Z] http {"method":"GET","url":"/api/rooms/-OSKIG/summary","status":304,"ms":2}
[2025-12-16T13:23:31.830Z] http {"method":"GET","url":"/api/rooms/7H3I9L/summary","status":304,"ms":2}
[2025-12-16T13:23:31.911Z] http {"method":"GET","url":"/api/rooms/-OSKIG/summary","status":304,"ms":2}
[2025-12-16T13:23:33.888Z] http {"method":"GET","url":"/api/rooms/7H3I9L/summary","status":304,"ms":2}
[2025-12-16T13:23:33.958Z] http {"method":"GET","url":"/api/rooms/-OSKIG/summary","status":304,"ms":1}
[2025-12-16T13:23:36.826Z] http {"method":"GET","url":"/api/rooms/7H3I9L/summary","status":304,"ms":2}
[2025-12-16T13:23:36.896Z] http {"method":"GET","url":"/api/rooms/-OSKIG/summary","status":304,"ms":2}
[2025-12-16T13:23:38.901Z] http {"method":"GET","url":"/api/rooms/7H3I9L/summary","status":304,"ms":2}
[2025-12-16T13:23:38.971Z] http {"method":"GET","url":"/api/rooms/-OSKIG/summary","status":304,"ms":2}
[2025-12-16T13:23:41.822Z] http {"method":"GET","url":"/api/rooms/7H3I9L/summary","status":304,"ms":2}
[2025-12-16T13:23:41.896Z] http {"method":"GET","url":"/api/rooms/-OSKIG/summary","status":304,"ms":2}
[2025-12-16T13:23:43.899Z] http {"method":"GET","url":"/api/rooms/7H3I9L/summary","status":304,"ms":3}
[2025-12-16T13:23:43.972Z] http {"method":"GET","url":"/api/rooms/-OSKIG/summary","status":304,"ms":3}
[2025-12-16T13:23:46.820Z] http {"method":"GET","url":"/api/rooms/7H3I9L/summary","status":304,"ms":2}
[2025-12-16T13:23:46.892Z] http {"method":"GET","url":"/api/rooms/-OSKIG/summary","status":304,"ms":2}
[2025-12-16T13:23:48.890Z] http {"method":"GET","url":"/api/rooms/7H3I9L/summary","status":304,"ms":2}
[2025-12-16T13:23:48.963Z] http {"method":"GET","url":"/api/rooms/-OSKIG/summary","status":304,"ms":2}
[2025-12-16T13:23:51.823Z] http {"method":"GET","url":"/api/rooms/7H3I9L/summary","status":304,"ms":2}
[2025-12-16T13:23:51.897Z] http {"method":"GET","url":"/api/rooms/-OSKIG/summary","status":304,"ms":2}
[2025-12-16T13:23:53.888Z] http {"method":"GET","url":"/api/rooms/7H3I9L/summary","status":304,"ms":2}
[2025-12-16T13:23:53.963Z] http {"method":"GET","url":"/api/rooms/-OSKIG/summary","status":304,"ms":2}
[2025-12-16T13:23:56.830Z] http {"method":"GET","url":"/api/rooms/7H3I9L/summary","status":304,"ms":2}
[2025-12-16T13:23:56.904Z] http {"method":"GET","url":"/api/rooms/-OSKIG/summary","status":304,"ms":3}
[2025-12-16T13:23:58.888Z] http {"method":"GET","url":"/api/rooms/7H3I9L/summary","status":304,"ms":2}
[2025-12-16T13:23:58.959Z] http {"method":"GET","url":"/api/rooms/-OSKIG/summary","status":304,"ms":2}
[2025-12-16T13:24:34.916Z] http {"method":"GET","url":"/api/rooms/7H3I9L/summary","status":304,"ms":3}
[2025-12-16T13:24:34.988Z] http {"method":"GET","url":"/api/rooms/-OSKIG/summary","status":304,"ms":1}
[2025-12-16T13:25:34.911Z] http {"method":"GET","url":"/api/rooms/7H3I9L/summary","status":304,"ms":3}
[2025-12-16T13:25:34.988Z] http {"method":"GET","url":"/api/rooms/-OSKIG/summary","status":304,"ms":2}
